Base path: 'C:/Program Files/Unity/Hub/Editor/2021.3.9f1/Editor/Data', plugins path 'C:/Program Files/Unity/Hub/Editor/2021.3.9f1/Editor/Data/PlaybackEngines'
Cmd: initializeCompiler

Cmd: compileComputeKernel
  insize=451 file=Packages/com.unity.barracuda/Barracuda/Runtime/Core/Resources/Barracuda/Pool_NHWC.compute kernel=MaxPool2DReduce_NHWC cachingPP=1 ppOnly=0 stripLineD=0 buildPlatform=19 km=<CHANNELS_FIRST=0>,<UNITY_VERSION=202139> pKW=UNITY_ENABLE_REFLECTION_BUFFERS UNITY_USE_DITHER_MASK_FOR_ALPHABLENDED_SHADOWS UNITY_PBS_USE_BRDF1 UNITY_SPECCUBE_BOX_PROJECTION UNITY_SPECCUBE_BLENDING UNITY_ENABLE_DETAIL_NORMALMAP SHADER_API_DESKTOP UNITY_COLORSPACE_GAMMA UNITY_LIGHT_PROBE_PROXY_VOLUME UNITY_LIGHTMAP_FULL_HDR uKW=SHADER_STAGE_COMPUTE platform=d3d11 flags=0 reqs=16385 forceDXC=0 forceFXC=0 ok=1 outsize=3291

Cmd: compileComputeKernel
  insize=81665 file=Packages/com.unity.barracuda/Barracuda/Runtime/Core/Resources/Barracuda/BarracudaReferenceImpl.compute kernel=LRN_NHWC cachingPP=1 ppOnly=0 stripLineD=0 buildPlatform=19 km=<CHANNELS_FIRST=0>,<UNITY_VERSION=202139> pKW=UNITY_ENABLE_REFLECTION_BUFFERS UNITY_USE_DITHER_MASK_FOR_ALPHABLENDED_SHADOWS UNITY_PBS_USE_BRDF1 UNITY_SPECCUBE_BOX_PROJECTION UNITY_SPECCUBE_BLENDING UNITY_ENABLE_DETAIL_NORMALMAP SHADER_API_DESKTOP UNITY_COLORSPACE_GAMMA UNITY_LIGHT_PROBE_PROXY_VOLUME UNITY_LIGHTMAP_FULL_HDR uKW=SHADER_STAGE_COMPUTE platform=d3d11 flags=0 reqs=16385 forceDXC=0 forceFXC=0 ok=1 outsize=4571

Cmd: compileComputeKernel
  insize=81665 file=Packages/com.unity.barracuda/Barracuda/Runtime/Core/Resources/Barracuda/BarracudaReferenceImpl.compute kernel=ReduceMin_NCHW cachingPP=1 ppOnly=0 stripLineD=0 buildPlatform=19 km=<CHANNELS_FIRST=1>,<UNITY_VERSION=202139> pKW=UNITY_ENABLE_REFLECTION_BUFFERS UNITY_USE_DITHER_MASK_FOR_ALPHABLENDED_SHADOWS UNITY_PBS_USE_BRDF1 UNITY_SPECCUBE_BOX_PROJECTION UNITY_SPECCUBE_BLENDING UNITY_ENABLE_DETAIL_NORMALMAP SHADER_API_DESKTOP UNITY_COLORSPACE_GAMMA UNITY_LIGHT_PROBE_PROXY_VOLUME UNITY_LIGHTMAP_FULL_HDR uKW=SHADER_STAGE_COMPUTE platform=d3d11 flags=0 reqs=16385 forceDXC=0 forceFXC=0 ok=1 outsize=3309

Cmd: compileComputeKernel
  insize=81665 file=Packages/com.unity.barracuda/Barracuda/Runtime/Core/Resources/Barracuda/BarracudaReferenceImpl.compute kernel=Sin_NCHW cachingPP=1 ppOnly=0 stripLineD=0 buildPlatform=19 km=<CHANNELS_FIRST=1>,<UNITY_VERSION=202139> pKW=UNITY_ENABLE_REFLECTION_BUFFERS UNITY_USE_DITHER_MASK_FOR_ALPHABLENDED_SHADOWS UNITY_PBS_USE_BRDF1 UNITY_SPECCUBE_BOX_PROJECTION UNITY_SPECCUBE_BLENDING UNITY_ENABLE_DETAIL_NORMALMAP SHADER_API_DESKTOP UNITY_COLORSPACE_GAMMA UNITY_LIGHT_PROBE_PROXY_VOLUME UNITY_LIGHTMAP_FULL_HDR uKW=SHADER_STAGE_COMPUTE platform=d3d11 flags=0 reqs=16385 forceDXC=0 forceFXC=0 ok=1 outsize=3375

Cmd: compileComputeKernel
  insize=81665 file=Packages/com.unity.barracuda/Barracuda/Runtime/Core/Resources/Barracuda/BarracudaReferenceImpl.compute kernel=Asin_NCHW cachingPP=1 ppOnly=0 stripLineD=0 buildPlatform=19 km=<CHANNELS_FIRST=1>,<UNITY_VERSION=202139> pKW=UNITY_ENABLE_REFLECTION_BUFFERS UNITY_USE_DITHER_MASK_FOR_ALPHABLENDED_SHADOWS UNITY_PBS_USE_BRDF1 UNITY_SPECCUBE_BOX_PROJECTION UNITY_SPECCUBE_BLENDING UNITY_ENABLE_DETAIL_NORMALMAP SHADER_API_DESKTOP UNITY_COLORSPACE_GAMMA UNITY_LIGHT_PROBE_PROXY_VOLUME UNITY_LIGHTMAP_FULL_HDR uKW=SHADER_STAGE_COMPUTE platform=d3d11 flags=0 reqs=16385 forceDXC=0 forceFXC=0 ok=1 outsize=3716

Cmd: compileComputeKernel
  insize=81665 file=Packages/com.unity.barracuda/Barracuda/Runtime/Core/Resources/Barracuda/BarracudaReferenceImpl.compute kernel=Ceil_NHWC cachingPP=1 ppOnly=0 stripLineD=0 buildPlatform=19 km=<CHANNELS_FIRST=0>,<UNITY_VERSION=202139> pKW=UNITY_ENABLE_REFLECTION_BUFFERS UNITY_USE_DITHER_MASK_FOR_ALPHABLENDED_SHADOWS UNITY_PBS_USE_BRDF1 UNITY_SPECCUBE_BOX_PROJECTION UNITY_SPECCUBE_BLENDING UNITY_ENABLE_DETAIL_NORMALMAP SHADER_API_DESKTOP UNITY_COLORSPACE_GAMMA UNITY_LIGHT_PROBE_PROXY_VOLUME UNITY_LIGHTMAP_FULL_HDR uKW=SHADER_STAGE_COMPUTE platform=d3d11 flags=0 reqs=16385 forceDXC=0 forceFXC=0 ok=1 outsize=3372

Cmd: compileComputeKernel
  insize=81665 file=Packages/com.unity.barracuda/Barracuda/Runtime/Core/Resources/Barracuda/BarracudaReferenceImpl.compute kernel=Conv3D_NHWC cachingPP=1 ppOnly=0 stripLineD=0 buildPlatform=19 km=<CHANNELS_FIRST=0>,<UNITY_VERSION=202139> pKW=UNITY_ENABLE_REFLECTION_BUFFERS UNITY_USE_DITHER_MASK_FOR_ALPHABLENDED_SHADOWS UNITY_PBS_USE_BRDF1 UNITY_SPECCUBE_BOX_PROJECTION UNITY_SPECCUBE_BLENDING UNITY_ENABLE_DETAIL_NORMALMAP SHADER_API_DESKTOP UNITY_COLORSPACE_GAMMA UNITY_LIGHT_PROBE_PROXY_VOLUME UNITY_LIGHTMAP_FULL_HDR uKW=SHADER_STAGE_COMPUTE platform=d3d11 flags=0 reqs=16385 forceDXC=0 forceFXC=0 ok=1 outsize=3818

Cmd: compileComputeKernel
  insize=11889 file=Packages/com.unity.barracuda/Barracuda/Runtime/Core/Resources/Barracuda/Reduce.compute kernel=PartialReduceMin_Loop cachingPP=1 ppOnly=0 stripLineD=0 buildPlatform=19 km=<LOOP=1>,<REDUCEMIN=1>,<PARTIALSUFFIX=PartialReduceMin>,<UNITY_VERSION=202139> pKW=UNITY_ENABLE_REFLECTION_BUFFERS UNITY_USE_DITHER_MASK_FOR_ALPHABLENDED_SHADOWS UNITY_PBS_USE_BRDF1 UNITY_SPECCUBE_BOX_PROJECTION UNITY_SPECCUBE_BLENDING UNITY_ENABLE_DETAIL_NORMALMAP SHADER_API_DESKTOP UNITY_COLORSPACE_GAMMA UNITY_LIGHT_PROBE_PROXY_VOLUME UNITY_LIGHTMAP_FULL_HDR uKW=SHADER_STAGE_COMPUTE platform=d3d11 flags=0 reqs=16385 forceDXC=0 forceFXC=0 ok=1 outsize=2916

Cmd: compileComputeKernel
  insize=210 file=Packages/com.unity.barracuda/Barracuda/Runtime/Core/Resources/Barracuda/ActivationB.compute kernel=Reciprocal_Flat cachingPP=1 ppOnly=0 stripLineD=0 buildPlatform=19 km=<UNITY_VERSION=202139> pKW=UNITY_ENABLE_REFLECTION_BUFFERS UNITY_USE_DITHER_MASK_FOR_ALPHABLENDED_SHADOWS UNITY_PBS_USE_BRDF1 UNITY_SPECCUBE_BOX_PROJECTION UNITY_SPECCUBE_BLENDING UNITY_ENABLE_DETAIL_NORMALMAP SHADER_API_DESKTOP UNITY_COLORSPACE_GAMMA UNITY_LIGHT_PROBE_PROXY_VOLUME UNITY_LIGHTMAP_FULL_HDR uKW=SHADER_STAGE_COMPUTE platform=d3d11 flags=0 reqs=16385 forceDXC=0 forceFXC=0 ok=1 outsize=680

Cmd: compileComputeKernel
  insize=10283 file=Packages/com.unity.barracuda/Barracuda/Runtime/Core/Resources/Barracuda/ActivationBase.compute kernel=Tan_CNyx_NHWC cachingPP=1 ppOnly=0 stripLineD=0 buildPlatform=19 km=<CHANNELS_FIRST=0>,<UNITY_VERSION=202139> pKW=UNITY_ENABLE_REFLECTION_BUFFERS UNITY_USE_DITHER_MASK_FOR_ALPHABLENDED_SHADOWS UNITY_PBS_USE_BRDF1 UNITY_SPECCUBE_BOX_PROJECTION UNITY_SPECCUBE_BLENDING UNITY_ENABLE_DETAIL_NORMALMAP SHADER_API_DESKTOP UNITY_COLORSPACE_GAMMA UNITY_LIGHT_PROBE_PROXY_VOLUME UNITY_LIGHTMAP_FULL_HDR uKW=SHADER_STAGE_COMPUTE platform=d3d11 flags=0 reqs=16385 forceDXC=0 forceFXC=0 ok=1 outsize=1296

Cmd: compileComputeKernel
  insize=10283 file=Packages/com.unity.barracuda/Barracuda/Runtime/Core/Resources/Barracuda/ActivationBase.compute kernel=Asin_Nyxc_NHWC cachingPP=1 ppOnly=0 stripLineD=0 buildPlatform=19 km=<CHANNELS_FIRST=0>,<UNITY_VERSION=202139> pKW=UNITY_ENABLE_REFLECTION_BUFFERS UNITY_USE_DITHER_MASK_FOR_ALPHABLENDED_SHADOWS UNITY_PBS_USE_BRDF1 UNITY_SPECCUBE_BOX_PROJECTION UNITY_SPECCUBE_BLENDING UNITY_ENABLE_DETAIL_NORMALMAP SHADER_API_DESKTOP UNITY_COLORSPACE_GAMMA UNITY_LIGHT_PROBE_PROXY_VOLUME UNITY_LIGHTMAP_FULL_HDR uKW=SHADER_STAGE_COMPUTE platform=d3d11 flags=0 reqs=16385 forceDXC=0 forceFXC=0 ok=1 outsize=1565

Cmd: compileComputeKernel
  insize=10283 file=Packages/com.unity.barracuda/Barracuda/Runtime/Core/Resources/Barracuda/ActivationBase.compute kernel=Tanh_Nyxc_NHWC cachingPP=1 ppOnly=0 stripLineD=0 buildPlatform=19 km=<CHANNELS_FIRST=0>,<UNITY_VERSION=202139> pKW=UNITY_ENABLE_REFLECTION_BUFFERS UNITY_USE_DITHER_MASK_FOR_ALPHABLENDED_SHADOWS UNITY_PBS_USE_BRDF1 UNITY_SPECCUBE_BOX_PROJECTION UNITY_SPECCUBE_BLENDING UNITY_ENABLE_DETAIL_NORMALMAP SHADER_API_DESKTOP UNITY_COLORSPACE_GAMMA UNITY_LIGHT_PROBE_PROXY_VOLUME UNITY_LIGHTMAP_FULL_HDR uKW=SHADER_STAGE_COMPUTE platform=d3d11 flags=0 reqs=16385 forceDXC=0 forceFXC=0 ok=1 outsize=1457

Cmd: compileComputeKernel
  insize=10283 file=Packages/com.unity.barracuda/Barracuda/Runtime/Core/Resources/Barracuda/ActivationBase.compute kernel=Cos_Loop cachingPP=1 ppOnly=0 stripLineD=0 buildPlatform=19 km=<UNITY_VERSION=202139> pKW=UNITY_ENABLE_REFLECTION_BUFFERS UNITY_USE_DITHER_MASK_FOR_ALPHABLENDED_SHADOWS UNITY_PBS_USE_BRDF1 UNITY_SPECCUBE_BOX_PROJECTION UNITY_SPECCUBE_BLENDING UNITY_ENABLE_DETAIL_NORMALMAP SHADER_API_DESKTOP UNITY_COLORSPACE_GAMMA UNITY_LIGHT_PROBE_PROXY_VOLUME UNITY_LIGHTMAP_FULL_HDR uKW=SHADER_STAGE_COMPUTE platform=d3d11 flags=0 reqs=16385 forceDXC=0 forceFXC=0 ok=1 outsize=772

Cmd: compileComputeKernel
  insize=10283 file=Packages/com.unity.barracuda/Barracuda/Runtime/Core/Resources/Barracuda/ActivationBase.compute kernel=Elu_FlatStrict cachingPP=1 ppOnly=0 stripLineD=0 buildPlatform=19 km=<UNITY_VERSION=202139> pKW=UNITY_ENABLE_REFLECTION_BUFFERS UNITY_USE_DITHER_MASK_FOR_ALPHABLENDED_SHADOWS UNITY_PBS_USE_BRDF1 UNITY_SPECCUBE_BOX_PROJECTION UNITY_SPECCUBE_BLENDING UNITY_ENABLE_DETAIL_NORMALMAP SHADER_API_DESKTOP UNITY_COLORSPACE_GAMMA UNITY_LIGHT_PROBE_PROXY_VOLUME UNITY_LIGHTMAP_FULL_HDR uKW=SHADER_STAGE_COMPUTE platform=d3d11 flags=0 reqs=16385 forceDXC=0 forceFXC=0 ok=1 outsize=1023

Cmd: shutdown
